<?xml version="1.0" encoding="UTF-8"?>
<!-- Generated by org.testng.reporters.JUnitReportReporter -->
<testsuite hostname="Zenas-MBP.lan" failures="0" tests="2" name="jUnitTestingPackage.AnnotationTesting" time="0.038" errors="0" timestamp="2023-04-05T19:20:15 EDT" skipped="0">
  <testcase classname="jUnitTestingPackage.AnnotationTesting" name="InvalidUsernameAndValidPassword" time="0.034"/>
  <system-out/>
  <testcase classname="jUnitTestingPackage.AnnotationTesting" name="ValidUsernameAndValidPassword" time="0.004"/>
  <system-out/>
</testsuite> <!-- jUnitTestingPackage.AnnotationTesting -->
